Analysis & Synthesis report for ALU
Thu Dec 03 22:24:15 2020
Quartus Prime Version 20.1.0 Build 711 06/05/2020 SJ Lite Edition


---------------------
; Table of Contents ;
---------------------
  1. Legal Notice
  2. Analysis & Synthesis Summary
  3. Analysis & Synthesis Settings
  4. Parallel Compilation
  5. Analysis & Synthesis Source Files Read
  6. Analysis & Synthesis Resource Usage Summary
  7. Analysis & Synthesis Resource Utilization by Entity
  8. General Register Statistics
  9. Multiplexer Restructuring Statistics (Restructuring Performed)
 10. Port Connectivity Checks: "comp_zero:Zstep"
 11. Port Connectivity Checks: "mux2:M2step"
 12. Port Connectivity Checks: "mux:Mstep"
 13. Port Connectivity Checks: "comp_add:Addstep|GG:KS_48"
 14. Port Connectivity Checks: "comp_add:Addstep|GG:KS_34"
 15. Port Connectivity Checks: "comp_add:Addstep|GG:KS_22"
 16. Port Connectivity Checks: "comp_add:Addstep|GG:KS_11"
 17. Post-Synthesis Netlist Statistics for Top Partition
 18. Elapsed Time Per Partition
 19. Analysis & Synthesis Messages
 20. Analysis & Synthesis Suppressed Messages



----------------
; Legal Notice ;
----------------
Copyright (C) 2020  Intel Corporation. All rights reserved.
Your use of Intel Corporation's design tools, logic functions 
and other software and tools, and any partner logic 
functions, and any output files from any of the foregoing 
(including device programming or simulation files), and any 
associated documentation or information are expressly subject 
to the terms and conditions of the Intel Program License 
Subscription Agreement, the Intel Quartus Prime License Agreement,
the Intel FPGA IP License Agreement, or other applicable license
agreement, including, without limitation, that your use is for
the sole purpose of programming logic devices manufactured by
Intel and sold by Intel or its authorized distributors.  Please
refer to the applicable agreement for further details, at
https://fpgasoftware.intel.com/eula.



+----------------------------------------------------------------------------------+
; Analysis & Synthesis Summary                                                     ;
+------------------------------------+---------------------------------------------+
; Analysis & Synthesis Status        ; Successful - Thu Dec 03 22:24:15 2020       ;
; Quartus Prime Version              ; 20.1.0 Build 711 06/05/2020 SJ Lite Edition ;
; Revision Name                      ; ALU                                         ;
; Top-level Entity Name              ; ALU                                         ;
; Family                             ; Cyclone 10 LP                               ;
; Total logic elements               ; 107                                         ;
;     Total combinational functions  ; 107                                         ;
;     Dedicated logic registers      ; 0                                           ;
; Total registers                    ; 0                                           ;
; Total pins                         ; 52                                          ;
; Total virtual pins                 ; 0                                           ;
; Total memory bits                  ; 0                                           ;
; Embedded Multiplier 9-bit elements ; 0                                           ;
; Total PLLs                         ; 0                                           ;
+------------------------------------+---------------------------------------------+


+------------------------------------------------------------------------------------------------------------+
; Analysis & Synthesis Settings                                                                              ;
+------------------------------------------------------------------+--------------------+--------------------+
; Option                                                           ; Setting            ; Default Value      ;
+------------------------------------------------------------------+--------------------+--------------------+
; Top-level entity name                                            ; ALU                ; ALU                ;
; Family name                                                      ; Cyclone 10 LP      ; Cyclone V          ;
; Use smart compilation                                            ; Off                ; Off                ;
; Enable parallel Assembler and Timing Analyzer during compilation ; On                 ; On                 ;
; Enable compact report table                                      ; Off                ; Off                ;
; Restructure Multiplexers                                         ; Auto               ; Auto               ;
; Create Debugging Nodes for IP Cores                              ; Off                ; Off                ;
; Preserve fewer node names                                        ; On                 ; On                 ;
; Intel FPGA IP Evaluation Mode                                    ; Enable             ; Enable             ;
; Verilog Version                                                  ; Verilog_2001       ; Verilog_2001       ;
; VHDL Version                                                     ; VHDL_1993          ; VHDL_1993          ;
; State Machine Processing                                         ; Auto               ; Auto               ;
; Safe State Machine                                               ; Off                ; Off                ;
; Extract Verilog State Machines                                   ; On                 ; On                 ;
; Extract VHDL State Machines                                      ; On                 ; On                 ;
; Ignore Verilog initial constructs                                ; Off                ; Off                ;
; Iteration limit for constant Verilog loops                       ; 5000               ; 5000               ;
; Iteration limit for non-constant Verilog loops                   ; 250                ; 250                ;
; Add Pass-Through Logic to Inferred RAMs                          ; On                 ; On                 ;
; Infer RAMs from Raw Logic                                        ; On                 ; On                 ;
; Parallel Synthesis                                               ; On                 ; On                 ;
; DSP Block Balancing                                              ; Auto               ; Auto               ;
; NOT Gate Push-Back                                               ; On                 ; On                 ;
; Power-Up Don't Care                                              ; On                 ; On                 ;
; Remove Redundant Logic Cells                                     ; Off                ; Off                ;
; Remove Duplicate Registers                                       ; On                 ; On                 ;
; Ignore CARRY Buffers                                             ; Off                ; Off                ;
; Ignore CASCADE Buffers                                           ; Off                ; Off                ;
; Ignore GLOBAL Buffers                                            ; Off                ; Off                ;
; Ignore ROW GLOBAL Buffers                                        ; Off                ; Off                ;
; Ignore LCELL Buffers                                             ; Off                ; Off                ;
; Ignore SOFT Buffers                                              ; On                 ; On                 ;
; Limit AHDL Integers to 32 Bits                                   ; Off                ; Off                ;
; Optimization Technique                                           ; Balanced           ; Balanced           ;
; Carry Chain Length                                               ; 70                 ; 70                 ;
; Auto Carry Chains                                                ; On                 ; On                 ;
; Auto Open-Drain Pins                                             ; On                 ; On                 ;
; Perform WYSIWYG Primitive Resynthesis                            ; Off                ; Off                ;
; Auto ROM Replacement                                             ; On                 ; On                 ;
; Auto RAM Replacement                                             ; On                 ; On                 ;
; Auto DSP Block Replacement                                       ; On                 ; On                 ;
; Auto Shift Register Replacement                                  ; Auto               ; Auto               ;
; Allow Shift Register Merging across Hierarchies                  ; Auto               ; Auto               ;
; Auto Clock Enable Replacement                                    ; On                 ; On                 ;
; Strict RAM Replacement                                           ; Off                ; Off                ;
; Allow Synchronous Control Signals                                ; On                 ; On                 ;
; Force Use of Synchronous Clear Signals                           ; Off                ; Off                ;
; Auto RAM Block Balancing                                         ; On                 ; On                 ;
; Auto RAM to Logic Cell Conversion                                ; Off                ; Off                ;
; Auto Resource Sharing                                            ; Off                ; Off                ;
; Allow Any RAM Size For Recognition                               ; Off                ; Off                ;
; Allow Any ROM Size For Recognition                               ; Off                ; Off                ;
; Allow Any Shift Register Size For Recognition                    ; Off                ; Off                ;
; Use LogicLock Constraints during Resource Balancing              ; On                 ; On                 ;
; Ignore translate_off and synthesis_off directives                ; Off                ; Off                ;
; Timing-Driven Synthesis                                          ; On                 ; On                 ;
; Report Parameter Settings                                        ; On                 ; On                 ;
; Report Source Assignments                                        ; On                 ; On                 ;
; Report Connectivity Checks                                       ; On                 ; On                 ;
; Ignore Maximum Fan-Out Assignments                               ; Off                ; Off                ;
; Synchronization Register Chain Length                            ; 2                  ; 2                  ;
; Power Optimization During Synthesis                              ; Normal compilation ; Normal compilation ;
; HDL message level                                                ; Level2             ; Level2             ;
; Suppress Register Optimization Related Messages                  ; Off                ; Off                ;
; Number of Removed Registers Reported in Synthesis Report         ; 5000               ; 5000               ;
; Number of Swept Nodes Reported in Synthesis Report               ; 5000               ; 5000               ;
; Number of Inverted Registers Reported in Synthesis Report        ; 100                ; 100                ;
; Clock MUX Protection                                             ; On                 ; On                 ;
; Auto Gated Clock Conversion                                      ; Off                ; Off                ;
; Block Design Naming                                              ; Auto               ; Auto               ;
; SDC constraint protection                                        ; Off                ; Off                ;
; Synthesis Effort                                                 ; Auto               ; Auto               ;
; Shift Register Replacement - Allow Asynchronous Clear Signal     ; On                 ; On                 ;
; Pre-Mapping Resynthesis Optimization                             ; Off                ; Off                ;
; Analysis & Synthesis Message Level                               ; Medium             ; Medium             ;
; Disable Register Merging Across Hierarchies                      ; Auto               ; Auto               ;
; Resource Aware Inference For Block RAM                           ; On                 ; On                 ;
+------------------------------------------------------------------+--------------------+--------------------+


+------------------------------------------+
; Parallel Compilation                     ;
+----------------------------+-------------+
; Processors                 ; Number      ;
+----------------------------+-------------+
; Number detected on machine ; 4           ;
; Maximum allowed            ; 2           ;
;                            ;             ;
; Average used               ; 1.00        ;
; Maximum used               ; 2           ;
;                            ;             ;
; Usage by Processor         ; % Time Used ;
;     Processor 1            ; 100.0%      ;
;     Processor 2            ;   0.0%      ;
+----------------------------+-------------+


+--------------------------------------------------------------------------------------------------------------------------------------------------------------------------------+
; Analysis & Synthesis Source Files Read                                                                                                                                         ;
+----------------------------------+-----------------+-----------------+-----------------------------------------------------------------------------------------------+---------+
; File Name with User-Entered Path ; Used in Netlist ; File Type       ; File Name with Absolute Path                                                                  ; Library ;
+----------------------------------+-----------------+-----------------+-----------------------------------------------------------------------------------------------+---------+
; ALU.vhd                          ; yes             ; User VHDL File  ; C:/Users/aravi/Desktop/IITB/Courses/2020-21 Autumn/EE 224/Course Project/Part A/ALU.vhd       ;         ;
; comp_xor.vhd                     ; yes             ; User VHDL File  ; C:/Users/aravi/Desktop/IITB/Courses/2020-21 Autumn/EE 224/Course Project/Part A/comp_xor.vhd  ;         ;
; comp_nand.vhd                    ; yes             ; User VHDL File  ; C:/Users/aravi/Desktop/IITB/Courses/2020-21 Autumn/EE 224/Course Project/Part A/comp_nand.vhd ;         ;
; mux.vhd                          ; yes             ; User VHDL File  ; C:/Users/aravi/Desktop/IITB/Courses/2020-21 Autumn/EE 224/Course Project/Part A/mux.vhd       ;         ;
; comp_add.vhd                     ; yes             ; User VHDL File  ; C:/Users/aravi/Desktop/IITB/Courses/2020-21 Autumn/EE 224/Course Project/Part A/comp_add.vhd  ;         ;
; GPGG.vhd                         ; yes             ; User VHDL File  ; C:/Users/aravi/Desktop/IITB/Courses/2020-21 Autumn/EE 224/Course Project/Part A/GPGG.vhd      ;         ;
; GG.vhd                           ; yes             ; User VHDL File  ; C:/Users/aravi/Desktop/IITB/Courses/2020-21 Autumn/EE 224/Course Project/Part A/GG.vhd        ;         ;
; comp_zero.vhd                    ; yes             ; User VHDL File  ; C:/Users/aravi/Desktop/IITB/Courses/2020-21 Autumn/EE 224/Course Project/Part A/comp_zero.vhd ;         ;
; mux2.vhd                         ; yes             ; User VHDL File  ; C:/Users/aravi/Desktop/IITB/Courses/2020-21 Autumn/EE 224/Course Project/Part A/mux2.vhd      ;         ;
+----------------------------------+-----------------+-----------------+-----------------------------------------------------------------------------------------------+---------+


+--------------------------------------------------------+
; Analysis & Synthesis Resource Usage Summary            ;
+---------------------------------------------+----------+
; Resource                                    ; Usage    ;
+---------------------------------------------+----------+
; Estimated Total logic elements              ; 107      ;
;                                             ;          ;
; Total combinational functions               ; 107      ;
; Logic element usage by number of LUT inputs ;          ;
;     -- 4 input functions                    ; 82       ;
;     -- 3 input functions                    ; 16       ;
;     -- <=2 input functions                  ; 9        ;
;                                             ;          ;
; Logic elements by mode                      ;          ;
;     -- normal mode                          ; 107      ;
;     -- arithmetic mode                      ; 0        ;
;                                             ;          ;
; Total registers                             ; 0        ;
;     -- Dedicated logic registers            ; 0        ;
;     -- I/O registers                        ; 0        ;
;                                             ;          ;
; I/O pins                                    ; 52       ;
;                                             ;          ;
; Embedded Multiplier 9-bit elements          ; 0        ;
;                                             ;          ;
; Maximum fan-out node                        ; S1~input ;
; Maximum fan-out                             ; 35       ;
; Total fan-out                               ; 480      ;
; Average fan-out                             ; 2.11     ;
+---------------------------------------------+----------+


+------------------------------------------------------------------------------------------------------------------------------------------------------------------------------------------------------------------------+
; Analysis & Synthesis Resource Utilization by Entity                                                                                                                                                                    ;
+----------------------------+---------------------+---------------------------+-------------+--------------+---------+-----------+------+--------------+-----------------------------------+-------------+--------------+
; Compilation Hierarchy Node ; Combinational ALUTs ; Dedicated Logic Registers ; Memory Bits ; DSP Elements ; DSP 9x9 ; DSP 18x18 ; Pins ; Virtual Pins ; Full Hierarchy Name               ; Entity Name ; Library Name ;
+----------------------------+---------------------+---------------------------+-------------+--------------+---------+-----------+------+--------------+-----------------------------------+-------------+--------------+
; |ALU                       ; 107 (0)             ; 0 (0)                     ; 0           ; 0            ; 0       ; 0         ; 52   ; 0            ; |ALU                              ; ALU         ; work         ;
;    |comp_add:Addstep|      ; 43 (10)             ; 0 (0)                     ; 0           ; 0            ; 0       ; 0         ; 0    ; 0            ; |ALU|comp_add:Addstep             ; comp_add    ; work         ;
;       |GG:KS_23|           ; 1 (1)               ; 0 (0)                     ; 0           ; 0            ; 0       ; 0         ; 0    ; 0            ; |ALU|comp_add:Addstep|GG:KS_23    ; GG          ; work         ;
;       |GG:KS_35|           ; 3 (3)               ; 0 (0)                     ; 0           ; 0            ; 0       ; 0         ; 0    ; 0            ; |ALU|comp_add:Addstep|GG:KS_35    ; GG          ; work         ;
;       |GG:KS_36|           ; 1 (1)               ; 0 (0)                     ; 0           ; 0            ; 0       ; 0         ; 0    ; 0            ; |ALU|comp_add:Addstep|GG:KS_36    ; GG          ; work         ;
;       |GG:KS_37|           ; 1 (1)               ; 0 (0)                     ; 0           ; 0            ; 0       ; 0         ; 0    ; 0            ; |ALU|comp_add:Addstep|GG:KS_37    ; GG          ; work         ;
;       |GG:KS_410|          ; 2 (2)               ; 0 (0)                     ; 0           ; 0            ; 0       ; 0         ; 0    ; 0            ; |ALU|comp_add:Addstep|GG:KS_410   ; GG          ; work         ;
;       |GG:KS_411|          ; 1 (1)               ; 0 (0)                     ; 0           ; 0            ; 0       ; 0         ; 0    ; 0            ; |ALU|comp_add:Addstep|GG:KS_411   ; GG          ; work         ;
;       |GG:KS_415|          ; 3 (3)               ; 0 (0)                     ; 0           ; 0            ; 0       ; 0         ; 0    ; 0            ; |ALU|comp_add:Addstep|GG:KS_415   ; GG          ; work         ;
;       |GG:KS_49|           ; 2 (2)               ; 0 (0)                     ; 0           ; 0            ; 0       ; 0         ; 0    ; 0            ; |ALU|comp_add:Addstep|GG:KS_49    ; GG          ; work         ;
;       |GPGG:KS_111|        ; 1 (1)               ; 0 (0)                     ; 0           ; 0            ; 0       ; 0         ; 0    ; 0            ; |ALU|comp_add:Addstep|GPGG:KS_111 ; GPGG        ; work         ;
;       |GPGG:KS_113|        ; 1 (1)               ; 0 (0)                     ; 0           ; 0            ; 0       ; 0         ; 0    ; 0            ; |ALU|comp_add:Addstep|GPGG:KS_113 ; GPGG        ; work         ;
;       |GPGG:KS_115|        ; 1 (1)               ; 0 (0)                     ; 0           ; 0            ; 0       ; 0         ; 0    ; 0            ; |ALU|comp_add:Addstep|GPGG:KS_115 ; GPGG        ; work         ;
;       |GPGG:KS_13|         ; 1 (1)               ; 0 (0)                     ; 0           ; 0            ; 0       ; 0         ; 0    ; 0            ; |ALU|comp_add:Addstep|GPGG:KS_13  ; GPGG        ; work         ;
;       |GPGG:KS_15|         ; 1 (1)               ; 0 (0)                     ; 0           ; 0            ; 0       ; 0         ; 0    ; 0            ; |ALU|comp_add:Addstep|GPGG:KS_15  ; GPGG        ; work         ;
;       |GPGG:KS_17|         ; 1 (1)               ; 0 (0)                     ; 0           ; 0            ; 0       ; 0         ; 0    ; 0            ; |ALU|comp_add:Addstep|GPGG:KS_17  ; GPGG        ; work         ;
;       |GPGG:KS_19|         ; 1 (1)               ; 0 (0)                     ; 0           ; 0            ; 0       ; 0         ; 0    ; 0            ; |ALU|comp_add:Addstep|GPGG:KS_19  ; GPGG        ; work         ;
;       |GPGG:KS_210|        ; 1 (1)               ; 0 (0)                     ; 0           ; 0            ; 0       ; 0         ; 0    ; 0            ; |ALU|comp_add:Addstep|GPGG:KS_210 ; GPGG        ; work         ;
;       |GPGG:KS_211|        ; 2 (2)               ; 0 (0)                     ; 0           ; 0            ; 0       ; 0         ; 0    ; 0            ; |ALU|comp_add:Addstep|GPGG:KS_211 ; GPGG        ; work         ;
;       |GPGG:KS_24|         ; 1 (1)               ; 0 (0)                     ; 0           ; 0            ; 0       ; 0         ; 0    ; 0            ; |ALU|comp_add:Addstep|GPGG:KS_24  ; GPGG        ; work         ;
;       |GPGG:KS_26|         ; 1 (1)               ; 0 (0)                     ; 0           ; 0            ; 0       ; 0         ; 0    ; 0            ; |ALU|comp_add:Addstep|GPGG:KS_26  ; GPGG        ; work         ;
;       |GPGG:KS_29|         ; 1 (1)               ; 0 (0)                     ; 0           ; 0            ; 0       ; 0         ; 0    ; 0            ; |ALU|comp_add:Addstep|GPGG:KS_29  ; GPGG        ; work         ;
;       |GPGG:KS_311|        ; 1 (1)               ; 0 (0)                     ; 0           ; 0            ; 0       ; 0         ; 0    ; 0            ; |ALU|comp_add:Addstep|GPGG:KS_311 ; GPGG        ; work         ;
;       |GPGG:KS_315|        ; 2 (2)               ; 0 (0)                     ; 0           ; 0            ; 0       ; 0         ; 0    ; 0            ; |ALU|comp_add:Addstep|GPGG:KS_315 ; GPGG        ; work         ;
;       |GPGG:KS_38|         ; 3 (3)               ; 0 (0)                     ; 0           ; 0            ; 0       ; 0         ; 0    ; 0            ; |ALU|comp_add:Addstep|GPGG:KS_38  ; GPGG        ; work         ;
;    |comp_add:Substep|      ; 7 (0)               ; 0 (0)                     ; 0           ; 0            ; 0       ; 0         ; 0    ; 0            ; |ALU|comp_add:Substep             ; comp_add    ; work         ;
;       |GPGG:KS_110|        ; 1 (1)               ; 0 (0)                     ; 0           ; 0            ; 0       ; 0         ; 0    ; 0            ; |ALU|comp_add:Substep|GPGG:KS_110 ; GPGG        ; work         ;
;       |GPGG:KS_112|        ; 1 (1)               ; 0 (0)                     ; 0           ; 0            ; 0       ; 0         ; 0    ; 0            ; |ALU|comp_add:Substep|GPGG:KS_112 ; GPGG        ; work         ;
;       |GPGG:KS_114|        ; 1 (1)               ; 0 (0)                     ; 0           ; 0            ; 0       ; 0         ; 0    ; 0            ; |ALU|comp_add:Substep|GPGG:KS_114 ; GPGG        ; work         ;
;       |GPGG:KS_12|         ; 1 (1)               ; 0 (0)                     ; 0           ; 0            ; 0       ; 0         ; 0    ; 0            ; |ALU|comp_add:Substep|GPGG:KS_12  ; GPGG        ; work         ;
;       |GPGG:KS_14|         ; 1 (1)               ; 0 (0)                     ; 0           ; 0            ; 0       ; 0         ; 0    ; 0            ; |ALU|comp_add:Substep|GPGG:KS_14  ; GPGG        ; work         ;
;       |GPGG:KS_16|         ; 1 (1)               ; 0 (0)                     ; 0           ; 0            ; 0       ; 0         ; 0    ; 0            ; |ALU|comp_add:Substep|GPGG:KS_16  ; GPGG        ; work         ;
;       |GPGG:KS_18|         ; 1 (1)               ; 0 (0)                     ; 0           ; 0            ; 0       ; 0         ; 0    ; 0            ; |ALU|comp_add:Substep|GPGG:KS_18  ; GPGG        ; work         ;
;    |comp_zero:Zstep|       ; 6 (6)               ; 0 (0)                     ; 0           ; 0            ; 0       ; 0         ; 0    ; 0            ; |ALU|comp_zero:Zstep              ; comp_zero   ; work         ;
;    |mux2:M2step|           ; 1 (1)               ; 0 (0)                     ; 0           ; 0            ; 0       ; 0         ; 0    ; 0            ; |ALU|mux2:M2step                  ; mux2        ; work         ;
;    |mux:Mstep|             ; 50 (50)             ; 0 (0)                     ; 0           ; 0            ; 0       ; 0         ; 0    ; 0            ; |ALU|mux:Mstep                    ; mux         ; work         ;
+----------------------------+---------------------+---------------------------+-------------+--------------+---------+-----------+------+--------------+-----------------------------------+-------------+--------------+
Note: For table entries with two numbers listed, the numbers in parentheses indicate the number of resources of the given type used by the specific entity alone. The numbers listed outside of parentheses indicate the total resources of the given type used by the specific entity and all of its sub-entities in the hierarchy.


+------------------------------------------------------+
; General Register Statistics                          ;
+----------------------------------------------+-------+
; Statistic                                    ; Value ;
+----------------------------------------------+-------+
; Total registers                              ; 0     ;
; Number of registers using Synchronous Clear  ; 0     ;
; Number of registers using Synchronous Load   ; 0     ;
; Number of registers using Asynchronous Clear ; 0     ;
; Number of registers using Asynchronous Load  ; 0     ;
; Number of registers using Clock Enable       ; 0     ;
; Number of registers using Preset             ; 0     ;
+----------------------------------------------+-------+


+------------------------------------------------------------------------------------------------------------------------------------------+
; Multiplexer Restructuring Statistics (Restructuring Performed)                                                                           ;
+--------------------+-----------+---------------+----------------------+------------------------+------------+----------------------------+
; Multiplexer Inputs ; Bus Width ; Baseline Area ; Area if Restructured ; Saving if Restructured ; Registered ; Example Multiplexer Output ;
+--------------------+-----------+---------------+----------------------+------------------------+------------+----------------------------+
; 4:1                ; 15 bits   ; 30 LEs        ; 30 LEs               ; 0 LEs                  ; No         ; |ALU|mux:Mstep|Y           ;
+--------------------+-----------+---------------+----------------------+------------------------+------------+----------------------------+


+---------------------------------------------------------------------------------------------------------------------------------------+
; Port Connectivity Checks: "comp_zero:Zstep"                                                                                           ;
+------+-------+------------------+-----------------------------------------------------------------------------------------------------+
; Port ; Type  ; Severity         ; Details                                                                                             ;
+------+-------+------------------+-----------------------------------------------------------------------------------------------------+
; y    ; Bidir ; Critical Warning ; Port on prototype, e.g. VHDL component, declared as "Output" but port on entity declared as "Bidir" ;
+------+-------+------------------+-----------------------------------------------------------------------------------------------------+


+---------------------------------------------------------------------------------------------------------------------------------------+
; Port Connectivity Checks: "mux2:M2step"                                                                                               ;
+------+-------+------------------+-----------------------------------------------------------------------------------------------------+
; Port ; Type  ; Severity         ; Details                                                                                             ;
+------+-------+------------------+-----------------------------------------------------------------------------------------------------+
; x3   ; Input ; Info             ; Stuck at GND                                                                                        ;
; x4   ; Input ; Info             ; Stuck at GND                                                                                        ;
; y    ; Bidir ; Critical Warning ; Port on prototype, e.g. VHDL component, declared as "Output" but port on entity declared as "Bidir" ;
+------+-------+------------------+-----------------------------------------------------------------------------------------------------+


+---------------------------------------------------------------------------------------------------------------------------------------+
; Port Connectivity Checks: "mux:Mstep"                                                                                                 ;
+------+-------+------------------+-----------------------------------------------------------------------------------------------------+
; Port ; Type  ; Severity         ; Details                                                                                             ;
+------+-------+------------------+-----------------------------------------------------------------------------------------------------+
; y    ; Bidir ; Critical Warning ; Port on prototype, e.g. VHDL component, declared as "Output" but port on entity declared as "Bidir" ;
+------+-------+------------------+-----------------------------------------------------------------------------------------------------+


+-------------------------------------------------------+
; Port Connectivity Checks: "comp_add:Addstep|GG:KS_48" ;
+------+-------+----------+-----------------------------+
; Port ; Type  ; Severity ; Details                     ;
+------+-------+----------+-----------------------------+
; gj   ; Input ; Info     ; Stuck at GND                ;
+------+-------+----------+-----------------------------+


+-------------------------------------------------------+
; Port Connectivity Checks: "comp_add:Addstep|GG:KS_34" ;
+------+-------+----------+-----------------------------+
; Port ; Type  ; Severity ; Details                     ;
+------+-------+----------+-----------------------------+
; gj   ; Input ; Info     ; Stuck at GND                ;
+------+-------+----------+-----------------------------+


+-------------------------------------------------------+
; Port Connectivity Checks: "comp_add:Addstep|GG:KS_22" ;
+------+-------+----------+-----------------------------+
; Port ; Type  ; Severity ; Details                     ;
+------+-------+----------+-----------------------------+
; gj   ; Input ; Info     ; Stuck at GND                ;
+------+-------+----------+-----------------------------+


+-------------------------------------------------------+
; Port Connectivity Checks: "comp_add:Addstep|GG:KS_11" ;
+------+-------+----------+-----------------------------+
; Port ; Type  ; Severity ; Details                     ;
+------+-------+----------+-----------------------------+
; gj   ; Input ; Info     ; Stuck at GND                ;
+------+-------+----------+-----------------------------+


+-----------------------------------------------------+
; Post-Synthesis Netlist Statistics for Top Partition ;
+-----------------------+-----------------------------+
; Type                  ; Count                       ;
+-----------------------+-----------------------------+
; boundary_port         ; 52                          ;
; cycloneiii_io_obuf    ; 16                          ;
; cycloneiii_lcell_comb ; 107                         ;
;     normal            ; 107                         ;
;         2 data inputs ; 9                           ;
;         3 data inputs ; 16                          ;
;         4 data inputs ; 82                          ;
;                       ;                             ;
; Max LUT depth         ; 9.00                        ;
; Average LUT depth     ; 6.23                        ;
+-----------------------+-----------------------------+


+-------------------------------+
; Elapsed Time Per Partition    ;
+----------------+--------------+
; Partition Name ; Elapsed Time ;
+----------------+--------------+
; Top            ; 00:00:01     ;
+----------------+--------------+


+-------------------------------+
; Analysis & Synthesis Messages ;
+-------------------------------+
Info: *******************************************************************
Info: Running Quartus Prime Analysis & Synthesis
    Info: Version 20.1.0 Build 711 06/05/2020 SJ Lite Edition
    Info: Processing started: Thu Dec 03 22:23:55 2020
Info: Command: quartus_map --read_settings_files=on --write_settings_files=off ArithmeticLogicalUnit -c ALU
Warning (18236): Number of processors has not been specified which may cause overloading on shared machines.  Set the global assignment NUM_PARALLEL_PROCESSORS in your QSF to an appropriate value for best performance.
Info (20030): Parallel compilation is enabled and will use 2 of the 2 processors detected
Info (12021): Found 2 design units, including 1 entities, in source file alu.vhd
    Info (12022): Found design unit 1: ALU-Structural File: C:/Users/aravi/Desktop/IITB/Courses/2020-21 Autumn/EE 224/Course Project/Part A/ALU.vhd Line: 18
    Info (12023): Found entity 1: ALU File: C:/Users/aravi/Desktop/IITB/Courses/2020-21 Autumn/EE 224/Course Project/Part A/ALU.vhd Line: 6
Info (12021): Found 2 design units, including 1 entities, in source file comp_xor.vhd
    Info (12022): Found design unit 1: comp_xor-dataflow File: C:/Users/aravi/Desktop/IITB/Courses/2020-21 Autumn/EE 224/Course Project/Part A/comp_xor.vhd Line: 14
    Info (12023): Found entity 1: comp_xor File: C:/Users/aravi/Desktop/IITB/Courses/2020-21 Autumn/EE 224/Course Project/Part A/comp_xor.vhd Line: 6
Info (12021): Found 2 design units, including 1 entities, in source file comp_nand.vhd
    Info (12022): Found design unit 1: comp_nand-dataflow File: C:/Users/aravi/Desktop/IITB/Courses/2020-21 Autumn/EE 224/Course Project/Part A/comp_nand.vhd Line: 14
    Info (12023): Found entity 1: comp_nand File: C:/Users/aravi/Desktop/IITB/Courses/2020-21 Autumn/EE 224/Course Project/Part A/comp_nand.vhd Line: 6
Warning (12090): Entity "mux" obtained from "mux.vhd" instead of from Quartus Prime megafunction library File: C:/Users/aravi/Desktop/IITB/Courses/2020-21 Autumn/EE 224/Course Project/Part A/mux.vhd Line: 6
Info (12021): Found 2 design units, including 1 entities, in source file mux.vhd
    Info (12022): Found design unit 1: mux-dataflow File: C:/Users/aravi/Desktop/IITB/Courses/2020-21 Autumn/EE 224/Course Project/Part A/mux.vhd Line: 15
    Info (12023): Found entity 1: mux File: C:/Users/aravi/Desktop/IITB/Courses/2020-21 Autumn/EE 224/Course Project/Part A/mux.vhd Line: 6
Info (12021): Found 2 design units, including 1 entities, in source file comp_sub.vhd
    Info (12022): Found design unit 1: comp_sub-dataflow File: C:/Users/aravi/Desktop/IITB/Courses/2020-21 Autumn/EE 224/Course Project/Part A/comp_sub.vhd Line: 15
    Info (12023): Found entity 1: comp_sub File: C:/Users/aravi/Desktop/IITB/Courses/2020-21 Autumn/EE 224/Course Project/Part A/comp_sub.vhd Line: 6
Info (12021): Found 2 design units, including 1 entities, in source file comp_add.vhd
    Info (12022): Found design unit 1: comp_add-dataflow File: C:/Users/aravi/Desktop/IITB/Courses/2020-21 Autumn/EE 224/Course Project/Part A/comp_add.vhd Line: 15
    Info (12023): Found entity 1: comp_add File: C:/Users/aravi/Desktop/IITB/Courses/2020-21 Autumn/EE 224/Course Project/Part A/comp_add.vhd Line: 6
Info (12021): Found 2 design units, including 1 entities, in source file gpgg.vhd
    Info (12022): Found design unit 1: GPGG-dataflow File: C:/Users/aravi/Desktop/IITB/Courses/2020-21 Autumn/EE 224/Course Project/Part A/GPGG.vhd Line: 14
    Info (12023): Found entity 1: GPGG File: C:/Users/aravi/Desktop/IITB/Courses/2020-21 Autumn/EE 224/Course Project/Part A/GPGG.vhd Line: 6
Info (12021): Found 2 design units, including 1 entities, in source file gg.vhd
    Info (12022): Found design unit 1: GG-dataflow File: C:/Users/aravi/Desktop/IITB/Courses/2020-21 Autumn/EE 224/Course Project/Part A/GG.vhd Line: 14
    Info (12023): Found entity 1: GG File: C:/Users/aravi/Desktop/IITB/Courses/2020-21 Autumn/EE 224/Course Project/Part A/GG.vhd Line: 6
Info (12021): Found 2 design units, including 1 entities, in source file comp_zero.vhd
    Info (12022): Found design unit 1: comp_zero-dataflow File: C:/Users/aravi/Desktop/IITB/Courses/2020-21 Autumn/EE 224/Course Project/Part A/comp_zero.vhd Line: 14
    Info (12023): Found entity 1: comp_zero File: C:/Users/aravi/Desktop/IITB/Courses/2020-21 Autumn/EE 224/Course Project/Part A/comp_zero.vhd Line: 6
Info (12021): Found 2 design units, including 1 entities, in source file mux2.vhd
    Info (12022): Found design unit 1: mux2-dataflow File: C:/Users/aravi/Desktop/IITB/Courses/2020-21 Autumn/EE 224/Course Project/Part A/mux2.vhd Line: 15
    Info (12023): Found entity 1: mux2 File: C:/Users/aravi/Desktop/IITB/Courses/2020-21 Autumn/EE 224/Course Project/Part A/mux2.vhd Line: 6
Info (12021): Found 2 design units, including 1 entities, in source file comp_gnd.vhd
    Info (12022): Found design unit 1: comp_gnd-dataflow File: C:/Users/aravi/Desktop/IITB/Courses/2020-21 Autumn/EE 224/Course Project/Part A/comp_gnd.vhd Line: 13
    Info (12023): Found entity 1: comp_gnd File: C:/Users/aravi/Desktop/IITB/Courses/2020-21 Autumn/EE 224/Course Project/Part A/comp_gnd.vhd Line: 6
Info (12127): Elaborating entity "ALU" for the top level hierarchy
Info (12128): Elaborating entity "comp_add" for hierarchy "comp_add:Addstep" File: C:/Users/aravi/Desktop/IITB/Courses/2020-21 Autumn/EE 224/Course Project/Part A/ALU.vhd Line: 93
Warning (10036): Verilog HDL or VHDL warning at comp_add.vhd(37): object "P0" assigned a value but never read File: C:/Users/aravi/Desktop/IITB/Courses/2020-21 Autumn/EE 224/Course Project/Part A/comp_add.vhd Line: 37
Info (12128): Elaborating entity "GG" for hierarchy "comp_add:Addstep|GG:KS_11" File: C:/Users/aravi/Desktop/IITB/Courses/2020-21 Autumn/EE 224/Course Project/Part A/comp_add.vhd Line: 53
Info (12128): Elaborating entity "GPGG" for hierarchy "comp_add:Addstep|GPGG:KS_12" File: C:/Users/aravi/Desktop/IITB/Courses/2020-21 Autumn/EE 224/Course Project/Part A/comp_add.vhd Line: 55
Info (12128): Elaborating entity "comp_nand" for hierarchy "comp_nand:Nstep" File: C:/Users/aravi/Desktop/IITB/Courses/2020-21 Autumn/EE 224/Course Project/Part A/ALU.vhd Line: 101
Info (12128): Elaborating entity "comp_xor" for hierarchy "comp_xor:Xstep" File: C:/Users/aravi/Desktop/IITB/Courses/2020-21 Autumn/EE 224/Course Project/Part A/ALU.vhd Line: 105
Info (12128): Elaborating entity "mux" for hierarchy "mux:Mstep" File: C:/Users/aravi/Desktop/IITB/Courses/2020-21 Autumn/EE 224/Course Project/Part A/ALU.vhd Line: 109
Info (12128): Elaborating entity "mux2" for hierarchy "mux2:M2step" File: C:/Users/aravi/Desktop/IITB/Courses/2020-21 Autumn/EE 224/Course Project/Part A/ALU.vhd Line: 110
Info (12128): Elaborating entity "comp_zero" for hierarchy "comp_zero:Zstep" File: C:/Users/aravi/Desktop/IITB/Courses/2020-21 Autumn/EE 224/Course Project/Part A/ALU.vhd Line: 114
Warning (12241): 3 hierarchies have connectivity warnings - see the Connectivity Checks report folder
Warning (13034): The following nodes have both tri-state and non-tri-state drivers
    Warning (13035): Inserted always-enabled tri-state buffer between "R[0]" and its non-tri-state driver. File: C:/Users/aravi/Desktop/IITB/Courses/2020-21 Autumn/EE 224/Course Project/Part A/ALU.vhd Line: 14
    Warning (13035): Inserted always-enabled tri-state buffer between "R[1]" and its non-tri-state driver. File: C:/Users/aravi/Desktop/IITB/Courses/2020-21 Autumn/EE 224/Course Project/Part A/ALU.vhd Line: 14
    Warning (13035): Inserted always-enabled tri-state buffer between "R[2]" and its non-tri-state driver. File: C:/Users/aravi/Desktop/IITB/Courses/2020-21 Autumn/EE 224/Course Project/Part A/ALU.vhd Line: 14
    Warning (13035): Inserted always-enabled tri-state buffer between "R[3]" and its non-tri-state driver. File: C:/Users/aravi/Desktop/IITB/Courses/2020-21 Autumn/EE 224/Course Project/Part A/ALU.vhd Line: 14
    Warning (13035): Inserted always-enabled tri-state buffer between "R[4]" and its non-tri-state driver. File: C:/Users/aravi/Desktop/IITB/Courses/2020-21 Autumn/EE 224/Course Project/Part A/ALU.vhd Line: 14
    Warning (13035): Inserted always-enabled tri-state buffer between "R[5]" and its non-tri-state driver. File: C:/Users/aravi/Desktop/IITB/Courses/2020-21 Autumn/EE 224/Course Project/Part A/ALU.vhd Line: 14
    Warning (13035): Inserted always-enabled tri-state buffer between "R[6]" and its non-tri-state driver. File: C:/Users/aravi/Desktop/IITB/Courses/2020-21 Autumn/EE 224/Course Project/Part A/ALU.vhd Line: 14
    Warning (13035): Inserted always-enabled tri-state buffer between "R[7]" and its non-tri-state driver. File: C:/Users/aravi/Desktop/IITB/Courses/2020-21 Autumn/EE 224/Course Project/Part A/ALU.vhd Line: 14
    Warning (13035): Inserted always-enabled tri-state buffer between "R[8]" and its non-tri-state driver. File: C:/Users/aravi/Desktop/IITB/Courses/2020-21 Autumn/EE 224/Course Project/Part A/ALU.vhd Line: 14
    Warning (13035): Inserted always-enabled tri-state buffer between "R[9]" and its non-tri-state driver. File: C:/Users/aravi/Desktop/IITB/Courses/2020-21 Autumn/EE 224/Course Project/Part A/ALU.vhd Line: 14
    Warning (13035): Inserted always-enabled tri-state buffer between "R[10]" and its non-tri-state driver. File: C:/Users/aravi/Desktop/IITB/Courses/2020-21 Autumn/EE 224/Course Project/Part A/ALU.vhd Line: 14
    Warning (13035): Inserted always-enabled tri-state buffer between "R[11]" and its non-tri-state driver. File: C:/Users/aravi/Desktop/IITB/Courses/2020-21 Autumn/EE 224/Course Project/Part A/ALU.vhd Line: 14
    Warning (13035): Inserted always-enabled tri-state buffer between "R[12]" and its non-tri-state driver. File: C:/Users/aravi/Desktop/IITB/Courses/2020-21 Autumn/EE 224/Course Project/Part A/ALU.vhd Line: 14
    Warning (13035): Inserted always-enabled tri-state buffer between "R[13]" and its non-tri-state driver. File: C:/Users/aravi/Desktop/IITB/Courses/2020-21 Autumn/EE 224/Course Project/Part A/ALU.vhd Line: 14
    Warning (13035): Inserted always-enabled tri-state buffer between "R[14]" and its non-tri-state driver. File: C:/Users/aravi/Desktop/IITB/Courses/2020-21 Autumn/EE 224/Course Project/Part A/ALU.vhd Line: 14
    Warning (13035): Inserted always-enabled tri-state buffer between "R[15]" and its non-tri-state driver. File: C:/Users/aravi/Desktop/IITB/Courses/2020-21 Autumn/EE 224/Course Project/Part A/ALU.vhd Line: 14
Info (13060): One or more bidirectional pins are fed by always enabled tri-state buffers
    Info (13061): Fan-out of permanently enabled tri-state buffer feeding bidirectional pin "R[0]" is moved to its source File: C:/Users/aravi/Desktop/IITB/Courses/2020-21 Autumn/EE 224/Course Project/Part A/ALU.vhd Line: 14
    Info (13061): Fan-out of permanently enabled tri-state buffer feeding bidirectional pin "R[1]" is moved to its source File: C:/Users/aravi/Desktop/IITB/Courses/2020-21 Autumn/EE 224/Course Project/Part A/ALU.vhd Line: 14
    Info (13061): Fan-out of permanently enabled tri-state buffer feeding bidirectional pin "R[2]" is moved to its source File: C:/Users/aravi/Desktop/IITB/Courses/2020-21 Autumn/EE 224/Course Project/Part A/ALU.vhd Line: 14
    Info (13061): Fan-out of permanently enabled tri-state buffer feeding bidirectional pin "R[3]" is moved to its source File: C:/Users/aravi/Desktop/IITB/Courses/2020-21 Autumn/EE 224/Course Project/Part A/ALU.vhd Line: 14
    Info (13061): Fan-out of permanently enabled tri-state buffer feeding bidirectional pin "R[4]" is moved to its source File: C:/Users/aravi/Desktop/IITB/Courses/2020-21 Autumn/EE 224/Course Project/Part A/ALU.vhd Line: 14
    Info (13061): Fan-out of permanently enabled tri-state buffer feeding bidirectional pin "R[5]" is moved to its source File: C:/Users/aravi/Desktop/IITB/Courses/2020-21 Autumn/EE 224/Course Project/Part A/ALU.vhd Line: 14
    Info (13061): Fan-out of permanently enabled tri-state buffer feeding bidirectional pin "R[6]" is moved to its source File: C:/Users/aravi/Desktop/IITB/Courses/2020-21 Autumn/EE 224/Course Project/Part A/ALU.vhd Line: 14
    Info (13061): Fan-out of permanently enabled tri-state buffer feeding bidirectional pin "R[7]" is moved to its source File: C:/Users/aravi/Desktop/IITB/Courses/2020-21 Autumn/EE 224/Course Project/Part A/ALU.vhd Line: 14
    Info (13061): Fan-out of permanently enabled tri-state buffer feeding bidirectional pin "R[8]" is moved to its source File: C:/Users/aravi/Desktop/IITB/Courses/2020-21 Autumn/EE 224/Course Project/Part A/ALU.vhd Line: 14
    Info (13061): Fan-out of permanently enabled tri-state buffer feeding bidirectional pin "R[9]" is moved to its source File: C:/Users/aravi/Desktop/IITB/Courses/2020-21 Autumn/EE 224/Course Project/Part A/ALU.vhd Line: 14
    Info (13061): Fan-out of permanently enabled tri-state buffer feeding bidirectional pin "R[10]" is moved to its source File: C:/Users/aravi/Desktop/IITB/Courses/2020-21 Autumn/EE 224/Course Project/Part A/ALU.vhd Line: 14
    Info (13061): Fan-out of permanently enabled tri-state buffer feeding bidirectional pin "R[11]" is moved to its source File: C:/Users/aravi/Desktop/IITB/Courses/2020-21 Autumn/EE 224/Course Project/Part A/ALU.vhd Line: 14
    Info (13061): Fan-out of permanently enabled tri-state buffer feeding bidirectional pin "R[12]" is moved to its source File: C:/Users/aravi/Desktop/IITB/Courses/2020-21 Autumn/EE 224/Course Project/Part A/ALU.vhd Line: 14
    Info (13061): Fan-out of permanently enabled tri-state buffer feeding bidirectional pin "R[13]" is moved to its source File: C:/Users/aravi/Desktop/IITB/Courses/2020-21 Autumn/EE 224/Course Project/Part A/ALU.vhd Line: 14
    Info (13061): Fan-out of permanently enabled tri-state buffer feeding bidirectional pin "R[14]" is moved to its source File: C:/Users/aravi/Desktop/IITB/Courses/2020-21 Autumn/EE 224/Course Project/Part A/ALU.vhd Line: 14
    Info (13061): Fan-out of permanently enabled tri-state buffer feeding bidirectional pin "R[15]" is moved to its source File: C:/Users/aravi/Desktop/IITB/Courses/2020-21 Autumn/EE 224/Course Project/Part A/ALU.vhd Line: 14
Warning (13009): TRI or OPNDRN buffers permanently enabled
    Warning (13010): Node "R[0]~synth" File: C:/Users/aravi/Desktop/IITB/Courses/2020-21 Autumn/EE 224/Course Project/Part A/ALU.vhd Line: 14
    Warning (13010): Node "R[1]~synth" File: C:/Users/aravi/Desktop/IITB/Courses/2020-21 Autumn/EE 224/Course Project/Part A/ALU.vhd Line: 14
    Warning (13010): Node "R[2]~synth" File: C:/Users/aravi/Desktop/IITB/Courses/2020-21 Autumn/EE 224/Course Project/Part A/ALU.vhd Line: 14
    Warning (13010): Node "R[3]~synth" File: C:/Users/aravi/Desktop/IITB/Courses/2020-21 Autumn/EE 224/Course Project/Part A/ALU.vhd Line: 14
    Warning (13010): Node "R[4]~synth" File: C:/Users/aravi/Desktop/IITB/Courses/2020-21 Autumn/EE 224/Course Project/Part A/ALU.vhd Line: 14
    Warning (13010): Node "R[5]~synth" File: C:/Users/aravi/Desktop/IITB/Courses/2020-21 Autumn/EE 224/Course Project/Part A/ALU.vhd Line: 14
    Warning (13010): Node "R[6]~synth" File: C:/Users/aravi/Desktop/IITB/Courses/2020-21 Autumn/EE 224/Course Project/Part A/ALU.vhd Line: 14
    Warning (13010): Node "R[7]~synth" File: C:/Users/aravi/Desktop/IITB/Courses/2020-21 Autumn/EE 224/Course Project/Part A/ALU.vhd Line: 14
    Warning (13010): Node "R[8]~synth" File: C:/Users/aravi/Desktop/IITB/Courses/2020-21 Autumn/EE 224/Course Project/Part A/ALU.vhd Line: 14
    Warning (13010): Node "R[9]~synth" File: C:/Users/aravi/Desktop/IITB/Courses/2020-21 Autumn/EE 224/Course Project/Part A/ALU.vhd Line: 14
    Warning (13010): Node "R[10]~synth" File: C:/Users/aravi/Desktop/IITB/Courses/2020-21 Autumn/EE 224/Course Project/Part A/ALU.vhd Line: 14
    Warning (13010): Node "R[11]~synth" File: C:/Users/aravi/Desktop/IITB/Courses/2020-21 Autumn/EE 224/Course Project/Part A/ALU.vhd Line: 14
    Warning (13010): Node "R[12]~synth" File: C:/Users/aravi/Desktop/IITB/Courses/2020-21 Autumn/EE 224/Course Project/Part A/ALU.vhd Line: 14
    Warning (13010): Node "R[13]~synth" File: C:/Users/aravi/Desktop/IITB/Courses/2020-21 Autumn/EE 224/Course Project/Part A/ALU.vhd Line: 14
    Warning (13010): Node "R[14]~synth" File: C:/Users/aravi/Desktop/IITB/Courses/2020-21 Autumn/EE 224/Course Project/Part A/ALU.vhd Line: 14
    Warning (13010): Node "R[15]~synth" File: C:/Users/aravi/Desktop/IITB/Courses/2020-21 Autumn/EE 224/Course Project/Part A/ALU.vhd Line: 14
Info (286030): Timing-Driven Synthesis is running
Info (144001): Generated suppressed messages file C:/Users/aravi/Desktop/IITB/Courses/2020-21 Autumn/EE 224/Course Project/Part A/output_files/ALU.map.smsg
Info (16010): Generating hard_block partition "hard_block:auto_generated_inst"
    Info (16011): Adding 0 node(s), including 0 DDIO, 0 PLL, 0 transceiver and 0 LCELL
Info (21057): Implemented 159 device resources after synthesis - the final resource count might be different
    Info (21058): Implemented 34 input pins
    Info (21059): Implemented 2 output pins
    Info (21060): Implemented 16 bidirectional pins
    Info (21061): Implemented 107 logic cells
Info: Quartus Prime Analysis & Synthesis was successful. 0 errors, 38 warnings
    Info: Peak virtual memory: 4793 megabytes
    Info: Processing ended: Thu Dec 03 22:24:15 2020
    Info: Elapsed time: 00:00:20
    Info: Total CPU time (on all processors): 00:00:44


+------------------------------------------+
; Analysis & Synthesis Suppressed Messages ;
+------------------------------------------+
The suppressed messages can be found in C:/Users/aravi/Desktop/IITB/Courses/2020-21 Autumn/EE 224/Course Project/Part A/output_files/ALU.map.smsg.


